[INFO  - 2016-09-05T00:36:29.306Z] GhostDriver - Main - running on port 55011
[INFO  - 2016-09-05T00:36:32.754Z] Session [cb2f7ca0-7300-11e6-8bc4-cbe4b206fc3c] - page.settings - {"XSSAuditingEnabled":false,"javascriptCanCloseWindows":true,"javascriptCanOpenWindows":true,"javascriptEnabled":true,"loadImages":true,"localToRemoteUrlAccessEnabled":false,"userAgent":"Mozilla/5.0 (Windows NT 6.2; WOW64) AppleWebKit/538.1 (KHTML, like Gecko) PhantomJS/2.1.1 Safari/538.1","webSecurityEnabled":true}
[INFO  - 2016-09-05T00:36:32.754Z] Session [cb2f7ca0-7300-11e6-8bc4-cbe4b206fc3c] - page.customHeaders:  - {}
[INFO  - 2016-09-05T00:36:32.754Z] Session [cb2f7ca0-7300-11e6-8bc4-cbe4b206fc3c] - Session.negotiatedCapabilities - {"browserName":"phantomjs","version":"2.1.1","driverName":"ghostdriver","driverVersion":"1.2.0","platform":"windows-10-32bit","javascriptEnabled":true,"takesScreenshot":true,"handlesAlerts":false,"databaseEnabled":false,"locationContextEnabled":false,"applicationCacheEnabled":false,"browserConnectionEnabled":false,"cssSelectorsEnabled":true,"webStorageEnabled":false,"rotatable":false,"acceptSslCerts":false,"nativeEvents":true,"proxy":{"proxyType":"direct"}}
[INFO  - 2016-09-05T00:36:32.754Z] SessionManagerReqHand - _postNewSessionCommand - New Session Created: cb2f7ca0-7300-11e6-8bc4-cbe4b206fc3c
[INFO  - 2016-09-05T00:36:47.425Z] Session [cb2f7ca0-7300-11e6-8bc4-cbe4b206fc3c] - page.settings - {"XSSAuditingEnabled":false,"javascriptCanCloseWindows":true,"javascriptCanOpenWindows":true,"javascriptEnabled":true,"loadImages":true,"localToRemoteUrlAccessEnabled":false,"userAgent":"Mozilla/5.0 (Windows NT 6.2; WOW64) AppleWebKit/538.1 (KHTML, like Gecko) PhantomJS/2.1.1 Safari/538.1","webSecurityEnabled":true}
[INFO  - 2016-09-05T00:36:47.425Z] Session [cb2f7ca0-7300-11e6-8bc4-cbe4b206fc3c] - page.customHeaders:  - {}
[ERROR - 2016-09-05T00:36:47.864Z] Session [cb2f7ca0-7300-11e6-8bc4-cbe4b206fc3c] - page.onError - msg: TypeError: null is not an object (evaluating '$(".clsImg").length')

  phantomjs://platform/console++.js:263 in error
[ERROR - 2016-09-05T00:36:47.864Z] Session [cb2f7ca0-7300-11e6-8bc4-cbe4b206fc3c] - page.onError - stack:
  (anonymous function) (http://static.cnfeol.com/script/common.js?v=20160713:1)
  j (http://static.cnfeol.com/script/jquery-1.11.3.min.js:2)
  fireWith (http://static.cnfeol.com/script/jquery-1.11.3.min.js:2)
  ready (http://static.cnfeol.com/script/jquery-1.11.3.min.js:2)
  J (http://static.cnfeol.com/script/jquery-1.11.3.min.js:2)

  phantomjs://platform/console++.js:263 in error
[ERROR - 2016-09-05T00:36:52.002Z] Session [cb2f7ca0-7300-11e6-8bc4-cbe4b206fc3c] - page.onError - msg: TypeError: null is not an object (evaluating '$(".clsImg").length')

  phantomjs://platform/console++.js:263 in error
[ERROR - 2016-09-05T00:36:52.002Z] Session [cb2f7ca0-7300-11e6-8bc4-cbe4b206fc3c] - page.onError - stack:
  (anonymous function) (http://static.cnfeol.com/script/common.js?v=20160713:1)
  j (http://static.cnfeol.com/script/jquery-1.11.3.min.js:2)
  fireWith (http://static.cnfeol.com/script/jquery-1.11.3.min.js:2)
  ready (http://static.cnfeol.com/script/jquery-1.11.3.min.js:2)
  J (http://static.cnfeol.com/script/jquery-1.11.3.min.js:2)

  phantomjs://platform/console++.js:263 in error
[ERROR - 2016-09-05T00:36:55.490Z] Session [cb2f7ca0-7300-11e6-8bc4-cbe4b206fc3c] - page.onError - msg: TypeError: null is not an object (evaluating '$(".clsImg").length')

  phantomjs://platform/console++.js:263 in error
[ERROR - 2016-09-05T00:36:55.490Z] Session [cb2f7ca0-7300-11e6-8bc4-cbe4b206fc3c] - page.onError - stack:
  (anonymous function) (http://static.cnfeol.com/script/common.js?v=20160713:1)
  j (http://static.cnfeol.com/script/jquery-1.11.3.min.js:2)
  fireWith (http://static.cnfeol.com/script/jquery-1.11.3.min.js:2)
  ready (http://static.cnfeol.com/script/jquery-1.11.3.min.js:2)
  J (http://static.cnfeol.com/script/jquery-1.11.3.min.js:2)

  phantomjs://platform/console++.js:263 in error
[ERROR - 2016-09-05T00:36:58.864Z] Session [cb2f7ca0-7300-11e6-8bc4-cbe4b206fc3c] - page.onError - msg: TypeError: null is not an object (evaluating '$(".clsImg").length')

  phantomjs://platform/console++.js:263 in error
[ERROR - 2016-09-05T00:36:58.865Z] Session [cb2f7ca0-7300-11e6-8bc4-cbe4b206fc3c] - page.onError - stack:
  (anonymous function) (http://static.cnfeol.com/script/common.js?v=20160713:1)
  j (http://static.cnfeol.com/script/jquery-1.11.3.min.js:2)
  fireWith (http://static.cnfeol.com/script/jquery-1.11.3.min.js:2)
  ready (http://static.cnfeol.com/script/jquery-1.11.3.min.js:2)
  J (http://static.cnfeol.com/script/jquery-1.11.3.min.js:2)

  phantomjs://platform/console++.js:263 in error
[ERROR - 2016-09-05T00:37:02.712Z] Session [cb2f7ca0-7300-11e6-8bc4-cbe4b206fc3c] - page.onError - msg: TypeError: null is not an object (evaluating '$(".clsImg").length')

  phantomjs://platform/console++.js:263 in error
[ERROR - 2016-09-05T00:37:02.712Z] Session [cb2f7ca0-7300-11e6-8bc4-cbe4b206fc3c] - page.onError - stack:
  (anonymous function) (http://static.cnfeol.com/script/common.js?v=20160713:1)
  j (http://static.cnfeol.com/script/jquery-1.11.3.min.js:2)
  fireWith (http://static.cnfeol.com/script/jquery-1.11.3.min.js:2)
  ready (http://static.cnfeol.com/script/jquery-1.11.3.min.js:2)
  J (http://static.cnfeol.com/script/jquery-1.11.3.min.js:2)

  phantomjs://platform/console++.js:263 in error
[ERROR - 2016-09-05T00:37:06.611Z] Session [cb2f7ca0-7300-11e6-8bc4-cbe4b206fc3c] - page.onError - msg: TypeError: null is not an object (evaluating '$(".clsImg").length')

  phantomjs://platform/console++.js:263 in error
[ERROR - 2016-09-05T00:37:06.611Z] Session [cb2f7ca0-7300-11e6-8bc4-cbe4b206fc3c] - page.onError - stack:
  (anonymous function) (http://static.cnfeol.com/script/common.js?v=20160713:1)
  j (http://static.cnfeol.com/script/jquery-1.11.3.min.js:2)
  fireWith (http://static.cnfeol.com/script/jquery-1.11.3.min.js:2)
  ready (http://static.cnfeol.com/script/jquery-1.11.3.min.js:2)
  J (http://static.cnfeol.com/script/jquery-1.11.3.min.js:2)

  phantomjs://platform/console++.js:263 in error
[ERROR - 2016-09-05T00:37:10.573Z] Session [cb2f7ca0-7300-11e6-8bc4-cbe4b206fc3c] - page.onError - msg: TypeError: null is not an object (evaluating '$(".clsImg").length')

  phantomjs://platform/console++.js:263 in error
[ERROR - 2016-09-05T00:37:10.573Z] Session [cb2f7ca0-7300-11e6-8bc4-cbe4b206fc3c] - page.onError - stack:
  (anonymous function) (http://static.cnfeol.com/script/common.js?v=20160713:1)
  j (http://static.cnfeol.com/script/jquery-1.11.3.min.js:2)
  fireWith (http://static.cnfeol.com/script/jquery-1.11.3.min.js:2)
  ready (http://static.cnfeol.com/script/jquery-1.11.3.min.js:2)
  J (http://static.cnfeol.com/script/jquery-1.11.3.min.js:2)

  phantomjs://platform/console++.js:263 in error
[ERROR - 2016-09-05T00:37:14.539Z] Session [cb2f7ca0-7300-11e6-8bc4-cbe4b206fc3c] - page.onError - msg: TypeError: null is not an object (evaluating '$(".clsImg").length')

  phantomjs://platform/console++.js:263 in error
[ERROR - 2016-09-05T00:37:14.539Z] Session [cb2f7ca0-7300-11e6-8bc4-cbe4b206fc3c] - page.onError - stack:
  (anonymous function) (http://static.cnfeol.com/script/common.js?v=20160713:1)
  j (http://static.cnfeol.com/script/jquery-1.11.3.min.js:2)
  fireWith (http://static.cnfeol.com/script/jquery-1.11.3.min.js:2)
  ready (http://static.cnfeol.com/script/jquery-1.11.3.min.js:2)
  J (http://static.cnfeol.com/script/jquery-1.11.3.min.js:2)

  phantomjs://platform/console++.js:263 in error
[ERROR - 2016-09-05T00:37:18.565Z] Session [cb2f7ca0-7300-11e6-8bc4-cbe4b206fc3c] - page.onError - msg: TypeError: null is not an object (evaluating '$(".clsImg").length')

  phantomjs://platform/console++.js:263 in error
[ERROR - 2016-09-05T00:37:18.565Z] Session [cb2f7ca0-7300-11e6-8bc4-cbe4b206fc3c] - page.onError - stack:
  (anonymous function) (http://static.cnfeol.com/script/common.js?v=20160713:1)
  j (http://static.cnfeol.com/script/jquery-1.11.3.min.js:2)
  fireWith (http://static.cnfeol.com/script/jquery-1.11.3.min.js:2)
  ready (http://static.cnfeol.com/script/jquery-1.11.3.min.js:2)
  J (http://static.cnfeol.com/script/jquery-1.11.3.min.js:2)

  phantomjs://platform/console++.js:263 in error
[ERROR - 2016-09-05T00:37:22.631Z] Session [cb2f7ca0-7300-11e6-8bc4-cbe4b206fc3c] - page.onError - msg: TypeError: null is not an object (evaluating '$(".clsImg").length')

  phantomjs://platform/console++.js:263 in error
[ERROR - 2016-09-05T00:37:22.631Z] Session [cb2f7ca0-7300-11e6-8bc4-cbe4b206fc3c] - page.onError - stack:
  (anonymous function) (http://static.cnfeol.com/script/common.js?v=20160713:1)
  j (http://static.cnfeol.com/script/jquery-1.11.3.min.js:2)
  fireWith (http://static.cnfeol.com/script/jquery-1.11.3.min.js:2)
  ready (http://static.cnfeol.com/script/jquery-1.11.3.min.js:2)
  J (http://static.cnfeol.com/script/jquery-1.11.3.min.js:2)

  phantomjs://platform/console++.js:263 in error
[ERROR - 2016-09-05T00:37:26.696Z] Session [cb2f7ca0-7300-11e6-8bc4-cbe4b206fc3c] - page.onError - msg: TypeError: null is not an object (evaluating '$(".clsImg").length')

  phantomjs://platform/console++.js:263 in error
[ERROR - 2016-09-05T00:37:26.696Z] Session [cb2f7ca0-7300-11e6-8bc4-cbe4b206fc3c] - page.onError - stack:
  (anonymous function) (http://static.cnfeol.com/script/common.js?v=20160713:1)
  j (http://static.cnfeol.com/script/jquery-1.11.3.min.js:2)
  fireWith (http://static.cnfeol.com/script/jquery-1.11.3.min.js:2)
  ready (http://static.cnfeol.com/script/jquery-1.11.3.min.js:2)
  J (http://static.cnfeol.com/script/jquery-1.11.3.min.js:2)

  phantomjs://platform/console++.js:263 in error
[ERROR - 2016-09-05T00:37:30.824Z] Session [cb2f7ca0-7300-11e6-8bc4-cbe4b206fc3c] - page.onError - msg: TypeError: null is not an object (evaluating '$(".clsImg").length')

  phantomjs://platform/console++.js:263 in error
[ERROR - 2016-09-05T00:37:30.824Z] Session [cb2f7ca0-7300-11e6-8bc4-cbe4b206fc3c] - page.onError - stack:
  (anonymous function) (http://static.cnfeol.com/script/common.js?v=20160713:1)
  j (http://static.cnfeol.com/script/jquery-1.11.3.min.js:2)
  fireWith (http://static.cnfeol.com/script/jquery-1.11.3.min.js:2)
  ready (http://static.cnfeol.com/script/jquery-1.11.3.min.js:2)
  J (http://static.cnfeol.com/script/jquery-1.11.3.min.js:2)

  phantomjs://platform/console++.js:263 in error
[ERROR - 2016-09-05T00:37:34.850Z] Session [cb2f7ca0-7300-11e6-8bc4-cbe4b206fc3c] - page.onError - msg: TypeError: null is not an object (evaluating '$(".clsImg").length')

  phantomjs://platform/console++.js:263 in error
[ERROR - 2016-09-05T00:37:34.850Z] Session [cb2f7ca0-7300-11e6-8bc4-cbe4b206fc3c] - page.onError - stack:
  (anonymous function) (http://static.cnfeol.com/script/common.js?v=20160713:1)
  j (http://static.cnfeol.com/script/jquery-1.11.3.min.js:2)
  fireWith (http://static.cnfeol.com/script/jquery-1.11.3.min.js:2)
  ready (http://static.cnfeol.com/script/jquery-1.11.3.min.js:2)
  J (http://static.cnfeol.com/script/jquery-1.11.3.min.js:2)

  phantomjs://platform/console++.js:263 in error
[ERROR - 2016-09-05T00:37:39.118Z] Session [cb2f7ca0-7300-11e6-8bc4-cbe4b206fc3c] - page.onError - msg: TypeError: null is not an object (evaluating '$(".clsImg").length')

  phantomjs://platform/console++.js:263 in error
[ERROR - 2016-09-05T00:37:39.118Z] Session [cb2f7ca0-7300-11e6-8bc4-cbe4b206fc3c] - page.onError - stack:
  (anonymous function) (http://static.cnfeol.com/script/common.js?v=20160713:1)
  j (http://static.cnfeol.com/script/jquery-1.11.3.min.js:2)
  fireWith (http://static.cnfeol.com/script/jquery-1.11.3.min.js:2)
  ready (http://static.cnfeol.com/script/jquery-1.11.3.min.js:2)
  J (http://static.cnfeol.com/script/jquery-1.11.3.min.js:2)

  phantomjs://platform/console++.js:263 in error
[ERROR - 2016-09-05T00:37:42.956Z] Session [cb2f7ca0-7300-11e6-8bc4-cbe4b206fc3c] - page.onError - msg: TypeError: null is not an object (evaluating '$(".clsImg").length')

  phantomjs://platform/console++.js:263 in error
[ERROR - 2016-09-05T00:37:42.956Z] Session [cb2f7ca0-7300-11e6-8bc4-cbe4b206fc3c] - page.onError - stack:
  (anonymous function) (http://static.cnfeol.com/script/common.js?v=20160713:1)
  j (http://static.cnfeol.com/script/jquery-1.11.3.min.js:2)
  fireWith (http://static.cnfeol.com/script/jquery-1.11.3.min.js:2)
  ready (http://static.cnfeol.com/script/jquery-1.11.3.min.js:2)
  J (http://static.cnfeol.com/script/jquery-1.11.3.min.js:2)

  phantomjs://platform/console++.js:263 in error
[ERROR - 2016-09-05T00:37:47.074Z] Session [cb2f7ca0-7300-11e6-8bc4-cbe4b206fc3c] - page.onError - msg: TypeError: null is not an object (evaluating '$(".clsImg").length')

  phantomjs://platform/console++.js:263 in error
[ERROR - 2016-09-05T00:37:47.074Z] Session [cb2f7ca0-7300-11e6-8bc4-cbe4b206fc3c] - page.onError - stack:
  (anonymous function) (http://static.cnfeol.com/script/common.js?v=20160713:1)
  j (http://static.cnfeol.com/script/jquery-1.11.3.min.js:2)
  fireWith (http://static.cnfeol.com/script/jquery-1.11.3.min.js:2)
  ready (http://static.cnfeol.com/script/jquery-1.11.3.min.js:2)
  J (http://static.cnfeol.com/script/jquery-1.11.3.min.js:2)

  phantomjs://platform/console++.js:263 in error
[ERROR - 2016-09-05T00:37:51.200Z] Session [cb2f7ca0-7300-11e6-8bc4-cbe4b206fc3c] - page.onError - msg: TypeError: null is not an object (evaluating '$(".clsImg").length')

  phantomjs://platform/console++.js:263 in error
[ERROR - 2016-09-05T00:37:51.201Z] Session [cb2f7ca0-7300-11e6-8bc4-cbe4b206fc3c] - page.onError - stack:
  (anonymous function) (http://static.cnfeol.com/script/common.js?v=20160713:1)
  j (http://static.cnfeol.com/script/jquery-1.11.3.min.js:2)
  fireWith (http://static.cnfeol.com/script/jquery-1.11.3.min.js:2)
  ready (http://static.cnfeol.com/script/jquery-1.11.3.min.js:2)
  J (http://static.cnfeol.com/script/jquery-1.11.3.min.js:2)

  phantomjs://platform/console++.js:263 in error
[ERROR - 2016-09-05T00:37:55.223Z] Session [cb2f7ca0-7300-11e6-8bc4-cbe4b206fc3c] - page.onError - msg: TypeError: null is not an object (evaluating '$(".clsImg").length')

  phantomjs://platform/console++.js:263 in error
[ERROR - 2016-09-05T00:37:55.223Z] Session [cb2f7ca0-7300-11e6-8bc4-cbe4b206fc3c] - page.onError - stack:
  (anonymous function) (http://static.cnfeol.com/script/common.js?v=20160713:1)
  j (http://static.cnfeol.com/script/jquery-1.11.3.min.js:2)
  fireWith (http://static.cnfeol.com/script/jquery-1.11.3.min.js:2)
  ready (http://static.cnfeol.com/script/jquery-1.11.3.min.js:2)
  J (http://static.cnfeol.com/script/jquery-1.11.3.min.js:2)

  phantomjs://platform/console++.js:263 in error
[ERROR - 2016-09-05T00:37:59.131Z] Session [cb2f7ca0-7300-11e6-8bc4-cbe4b206fc3c] - page.onError - msg: TypeError: null is not an object (evaluating '$(".clsImg").length')

  phantomjs://platform/console++.js:263 in error
[ERROR - 2016-09-05T00:37:59.131Z] Session [cb2f7ca0-7300-11e6-8bc4-cbe4b206fc3c] - page.onError - stack:
  (anonymous function) (http://static.cnfeol.com/script/common.js?v=20160713:1)
  j (http://static.cnfeol.com/script/jquery-1.11.3.min.js:2)
  fireWith (http://static.cnfeol.com/script/jquery-1.11.3.min.js:2)
  ready (http://static.cnfeol.com/script/jquery-1.11.3.min.js:2)
  J (http://static.cnfeol.com/script/jquery-1.11.3.min.js:2)

  phantomjs://platform/console++.js:263 in error
[ERROR - 2016-09-05T00:38:03.009Z] Session [cb2f7ca0-7300-11e6-8bc4-cbe4b206fc3c] - page.onError - msg: TypeError: null is not an object (evaluating '$(".clsImg").length')

  phantomjs://platform/console++.js:263 in error
[ERROR - 2016-09-05T00:38:03.010Z] Session [cb2f7ca0-7300-11e6-8bc4-cbe4b206fc3c] - page.onError - stack:
  (anonymous function) (http://static.cnfeol.com/script/common.js?v=20160713:1)
  j (http://static.cnfeol.com/script/jquery-1.11.3.min.js:2)
  fireWith (http://static.cnfeol.com/script/jquery-1.11.3.min.js:2)
  ready (http://static.cnfeol.com/script/jquery-1.11.3.min.js:2)
  J (http://static.cnfeol.com/script/jquery-1.11.3.min.js:2)

  phantomjs://platform/console++.js:263 in error
[ERROR - 2016-09-05T00:38:07.190Z] Session [cb2f7ca0-7300-11e6-8bc4-cbe4b206fc3c] - page.onError - msg: TypeError: null is not an object (evaluating '$(".clsImg").length')

  phantomjs://platform/console++.js:263 in error
[ERROR - 2016-09-05T00:38:07.191Z] Session [cb2f7ca0-7300-11e6-8bc4-cbe4b206fc3c] - page.onError - stack:
  (anonymous function) (http://static.cnfeol.com/script/common.js?v=20160713:1)
  j (http://static.cnfeol.com/script/jquery-1.11.3.min.js:2)
  fireWith (http://static.cnfeol.com/script/jquery-1.11.3.min.js:2)
  ready (http://static.cnfeol.com/script/jquery-1.11.3.min.js:2)
  J (http://static.cnfeol.com/script/jquery-1.11.3.min.js:2)

  phantomjs://platform/console++.js:263 in error
[ERROR - 2016-09-05T00:38:11.077Z] Session [cb2f7ca0-7300-11e6-8bc4-cbe4b206fc3c] - page.onError - msg: TypeError: null is not an object (evaluating '$(".clsImg").length')

  phantomjs://platform/console++.js:263 in error
[ERROR - 2016-09-05T00:38:11.077Z] Session [cb2f7ca0-7300-11e6-8bc4-cbe4b206fc3c] - page.onError - stack:
  (anonymous function) (http://static.cnfeol.com/script/common.js?v=20160713:1)
  j (http://static.cnfeol.com/script/jquery-1.11.3.min.js:2)
  fireWith (http://static.cnfeol.com/script/jquery-1.11.3.min.js:2)
  ready (http://static.cnfeol.com/script/jquery-1.11.3.min.js:2)
  J (http://static.cnfeol.com/script/jquery-1.11.3.min.js:2)

  phantomjs://platform/console++.js:263 in error
[ERROR - 2016-09-05T00:38:14.997Z] Session [cb2f7ca0-7300-11e6-8bc4-cbe4b206fc3c] - page.onError - msg: TypeError: null is not an object (evaluating '$(".clsImg").length')

  phantomjs://platform/console++.js:263 in error
[ERROR - 2016-09-05T00:38:14.997Z] Session [cb2f7ca0-7300-11e6-8bc4-cbe4b206fc3c] - page.onError - stack:
  (anonymous function) (http://static.cnfeol.com/script/common.js?v=20160713:1)
  j (http://static.cnfeol.com/script/jquery-1.11.3.min.js:2)
  fireWith (http://static.cnfeol.com/script/jquery-1.11.3.min.js:2)
  ready (http://static.cnfeol.com/script/jquery-1.11.3.min.js:2)
  J (http://static.cnfeol.com/script/jquery-1.11.3.min.js:2)

  phantomjs://platform/console++.js:263 in error
[ERROR - 2016-09-05T00:38:19.178Z] Session [cb2f7ca0-7300-11e6-8bc4-cbe4b206fc3c] - page.onError - msg: TypeError: null is not an object (evaluating '$(".clsImg").length')

  phantomjs://platform/console++.js:263 in error
[ERROR - 2016-09-05T00:38:19.178Z] Session [cb2f7ca0-7300-11e6-8bc4-cbe4b206fc3c] - page.onError - stack:
  (anonymous function) (http://static.cnfeol.com/script/common.js?v=20160713:1)
  j (http://static.cnfeol.com/script/jquery-1.11.3.min.js:2)
  fireWith (http://static.cnfeol.com/script/jquery-1.11.3.min.js:2)
  ready (http://static.cnfeol.com/script/jquery-1.11.3.min.js:2)
  J (http://static.cnfeol.com/script/jquery-1.11.3.min.js:2)

  phantomjs://platform/console++.js:263 in error
[ERROR - 2016-09-05T00:38:23.189Z] Session [cb2f7ca0-7300-11e6-8bc4-cbe4b206fc3c] - page.onError - msg: TypeError: null is not an object (evaluating '$(".clsImg").length')

  phantomjs://platform/console++.js:263 in error
[ERROR - 2016-09-05T00:38:23.189Z] Session [cb2f7ca0-7300-11e6-8bc4-cbe4b206fc3c] - page.onError - stack:
  (anonymous function) (http://static.cnfeol.com/script/common.js?v=20160713:1)
  j (http://static.cnfeol.com/script/jquery-1.11.3.min.js:2)
  fireWith (http://static.cnfeol.com/script/jquery-1.11.3.min.js:2)
  ready (http://static.cnfeol.com/script/jquery-1.11.3.min.js:2)
  J (http://static.cnfeol.com/script/jquery-1.11.3.min.js:2)

  phantomjs://platform/console++.js:263 in error
[ERROR - 2016-09-05T00:38:27.288Z] Session [cb2f7ca0-7300-11e6-8bc4-cbe4b206fc3c] - page.onError - msg: TypeError: null is not an object (evaluating '$(".clsImg").length')

  phantomjs://platform/console++.js:263 in error
[ERROR - 2016-09-05T00:38:27.288Z] Session [cb2f7ca0-7300-11e6-8bc4-cbe4b206fc3c] - page.onError - stack:
  (anonymous function) (http://static.cnfeol.com/script/common.js?v=20160713:1)
  j (http://static.cnfeol.com/script/jquery-1.11.3.min.js:2)
  fireWith (http://static.cnfeol.com/script/jquery-1.11.3.min.js:2)
  ready (http://static.cnfeol.com/script/jquery-1.11.3.min.js:2)
  J (http://static.cnfeol.com/script/jquery-1.11.3.min.js:2)

  phantomjs://platform/console++.js:263 in error
[ERROR - 2016-09-05T00:38:31.211Z] Session [cb2f7ca0-7300-11e6-8bc4-cbe4b206fc3c] - page.onError - msg: TypeError: null is not an object (evaluating '$(".clsImg").length')

  phantomjs://platform/console++.js:263 in error
[ERROR - 2016-09-05T00:38:31.212Z] Session [cb2f7ca0-7300-11e6-8bc4-cbe4b206fc3c] - page.onError - stack:
  (anonymous function) (http://static.cnfeol.com/script/common.js?v=20160713:1)
  j (http://static.cnfeol.com/script/jquery-1.11.3.min.js:2)
  fireWith (http://static.cnfeol.com/script/jquery-1.11.3.min.js:2)
  ready (http://static.cnfeol.com/script/jquery-1.11.3.min.js:2)
  J (http://static.cnfeol.com/script/jquery-1.11.3.min.js:2)

  phantomjs://platform/console++.js:263 in error
[ERROR - 2016-09-05T00:38:35.382Z] Session [cb2f7ca0-7300-11e6-8bc4-cbe4b206fc3c] - page.onError - msg: TypeError: null is not an object (evaluating '$(".clsImg").length')

  phantomjs://platform/console++.js:263 in error
[ERROR - 2016-09-05T00:38:35.382Z] Session [cb2f7ca0-7300-11e6-8bc4-cbe4b206fc3c] - page.onError - stack:
  (anonymous function) (http://static.cnfeol.com/script/common.js?v=20160713:1)
  j (http://static.cnfeol.com/script/jquery-1.11.3.min.js:2)
  fireWith (http://static.cnfeol.com/script/jquery-1.11.3.min.js:2)
  ready (http://static.cnfeol.com/script/jquery-1.11.3.min.js:2)
  J (http://static.cnfeol.com/script/jquery-1.11.3.min.js:2)

  phantomjs://platform/console++.js:263 in error
[ERROR - 2016-09-05T00:38:39.578Z] Session [cb2f7ca0-7300-11e6-8bc4-cbe4b206fc3c] - page.onError - msg: TypeError: null is not an object (evaluating '$(".clsImg").length')

  phantomjs://platform/console++.js:263 in error
[ERROR - 2016-09-05T00:38:39.579Z] Session [cb2f7ca0-7300-11e6-8bc4-cbe4b206fc3c] - page.onError - stack:
  (anonymous function) (http://static.cnfeol.com/script/common.js?v=20160713:1)
  j (http://static.cnfeol.com/script/jquery-1.11.3.min.js:2)
  fireWith (http://static.cnfeol.com/script/jquery-1.11.3.min.js:2)
  ready (http://static.cnfeol.com/script/jquery-1.11.3.min.js:2)
  J (http://static.cnfeol.com/script/jquery-1.11.3.min.js:2)

  phantomjs://platform/console++.js:263 in error
[ERROR - 2016-09-05T00:38:44.098Z] Session [cb2f7ca0-7300-11e6-8bc4-cbe4b206fc3c] - page.onError - msg: TypeError: null is not an object (evaluating '$(".clsImg").length')

  phantomjs://platform/console++.js:263 in error
[ERROR - 2016-09-05T00:38:44.098Z] Session [cb2f7ca0-7300-11e6-8bc4-cbe4b206fc3c] - page.onError - stack:
  (anonymous function) (http://static.cnfeol.com/script/common.js?v=20160713:1)
  j (http://static.cnfeol.com/script/jquery-1.11.3.min.js:2)
  fireWith (http://static.cnfeol.com/script/jquery-1.11.3.min.js:2)
  ready (http://static.cnfeol.com/script/jquery-1.11.3.min.js:2)
  J (http://static.cnfeol.com/script/jquery-1.11.3.min.js:2)

  phantomjs://platform/console++.js:263 in error
[ERROR - 2016-09-05T00:38:48.099Z] Session [cb2f7ca0-7300-11e6-8bc4-cbe4b206fc3c] - page.onError - msg: TypeError: null is not an object (evaluating '$(".clsImg").length')

  phantomjs://platform/console++.js:263 in error
[ERROR - 2016-09-05T00:38:48.100Z] Session [cb2f7ca0-7300-11e6-8bc4-cbe4b206fc3c] - page.onError - stack:
  (anonymous function) (http://static.cnfeol.com/script/common.js?v=20160713:1)
  j (http://static.cnfeol.com/script/jquery-1.11.3.min.js:2)
  fireWith (http://static.cnfeol.com/script/jquery-1.11.3.min.js:2)
  ready (http://static.cnfeol.com/script/jquery-1.11.3.min.js:2)
  J (http://static.cnfeol.com/script/jquery-1.11.3.min.js:2)

  phantomjs://platform/console++.js:263 in error
[ERROR - 2016-09-05T00:38:52.261Z] Session [cb2f7ca0-7300-11e6-8bc4-cbe4b206fc3c] - page.onError - msg: TypeError: null is not an object (evaluating '$(".clsImg").length')

  phantomjs://platform/console++.js:263 in error
[ERROR - 2016-09-05T00:38:52.261Z] Session [cb2f7ca0-7300-11e6-8bc4-cbe4b206fc3c] - page.onError - stack:
  (anonymous function) (http://static.cnfeol.com/script/common.js?v=20160713:1)
  j (http://static.cnfeol.com/script/jquery-1.11.3.min.js:2)
  fireWith (http://static.cnfeol.com/script/jquery-1.11.3.min.js:2)
  ready (http://static.cnfeol.com/script/jquery-1.11.3.min.js:2)
  J (http://static.cnfeol.com/script/jquery-1.11.3.min.js:2)

  phantomjs://platform/console++.js:263 in error
[ERROR - 2016-09-05T00:38:56.342Z] Session [cb2f7ca0-7300-11e6-8bc4-cbe4b206fc3c] - page.onError - msg: TypeError: null is not an object (evaluating '$(".clsImg").length')

  phantomjs://platform/console++.js:263 in error
[ERROR - 2016-09-05T00:38:56.342Z] Session [cb2f7ca0-7300-11e6-8bc4-cbe4b206fc3c] - page.onError - stack:
  (anonymous function) (http://static.cnfeol.com/script/common.js?v=20160713:1)
  j (http://static.cnfeol.com/script/jquery-1.11.3.min.js:2)
  fireWith (http://static.cnfeol.com/script/jquery-1.11.3.min.js:2)
  ready (http://static.cnfeol.com/script/jquery-1.11.3.min.js:2)
  J (http://static.cnfeol.com/script/jquery-1.11.3.min.js:2)

  phantomjs://platform/console++.js:263 in error
[ERROR - 2016-09-05T00:39:00.380Z] Session [cb2f7ca0-7300-11e6-8bc4-cbe4b206fc3c] - page.onError - msg: TypeError: null is not an object (evaluating '$(".clsImg").length')

  phantomjs://platform/console++.js:263 in error
[ERROR - 2016-09-05T00:39:00.380Z] Session [cb2f7ca0-7300-11e6-8bc4-cbe4b206fc3c] - page.onError - stack:
  (anonymous function) (http://static.cnfeol.com/script/common.js?v=20160713:1)
  j (http://static.cnfeol.com/script/jquery-1.11.3.min.js:2)
  fireWith (http://static.cnfeol.com/script/jquery-1.11.3.min.js:2)
  ready (http://static.cnfeol.com/script/jquery-1.11.3.min.js:2)
  J (http://static.cnfeol.com/script/jquery-1.11.3.min.js:2)

  phantomjs://platform/console++.js:263 in error
[ERROR - 2016-09-05T00:39:04.496Z] Session [cb2f7ca0-7300-11e6-8bc4-cbe4b206fc3c] - page.onError - msg: TypeError: null is not an object (evaluating '$(".clsImg").length')

  phantomjs://platform/console++.js:263 in error
[ERROR - 2016-09-05T00:39:04.496Z] Session [cb2f7ca0-7300-11e6-8bc4-cbe4b206fc3c] - page.onError - stack:
  (anonymous function) (http://static.cnfeol.com/script/common.js?v=20160713:1)
  j (http://static.cnfeol.com/script/jquery-1.11.3.min.js:2)
  fireWith (http://static.cnfeol.com/script/jquery-1.11.3.min.js:2)
  ready (http://static.cnfeol.com/script/jquery-1.11.3.min.js:2)
  J (http://static.cnfeol.com/script/jquery-1.11.3.min.js:2)

  phantomjs://platform/console++.js:263 in error
[ERROR - 2016-09-05T00:39:08.521Z] Session [cb2f7ca0-7300-11e6-8bc4-cbe4b206fc3c] - page.onError - msg: TypeError: null is not an object (evaluating '$(".clsImg").length')

  phantomjs://platform/console++.js:263 in error
[ERROR - 2016-09-05T00:39:08.521Z] Session [cb2f7ca0-7300-11e6-8bc4-cbe4b206fc3c] - page.onError - stack:
  (anonymous function) (http://static.cnfeol.com/script/common.js?v=20160713:1)
  j (http://static.cnfeol.com/script/jquery-1.11.3.min.js:2)
  fireWith (http://static.cnfeol.com/script/jquery-1.11.3.min.js:2)
  ready (http://static.cnfeol.com/script/jquery-1.11.3.min.js:2)
  J (http://static.cnfeol.com/script/jquery-1.11.3.min.js:2)

  phantomjs://platform/console++.js:263 in error
[ERROR - 2016-09-05T00:39:12.599Z] Session [cb2f7ca0-7300-11e6-8bc4-cbe4b206fc3c] - page.onError - msg: TypeError: null is not an object (evaluating '$(".clsImg").length')

  phantomjs://platform/console++.js:263 in error
[ERROR - 2016-09-05T00:39:12.600Z] Session [cb2f7ca0-7300-11e6-8bc4-cbe4b206fc3c] - page.onError - stack:
  (anonymous function) (http://static.cnfeol.com/script/common.js?v=20160713:1)
  j (http://static.cnfeol.com/script/jquery-1.11.3.min.js:2)
  fireWith (http://static.cnfeol.com/script/jquery-1.11.3.min.js:2)
  ready (http://static.cnfeol.com/script/jquery-1.11.3.min.js:2)
  J (http://static.cnfeol.com/script/jquery-1.11.3.min.js:2)

  phantomjs://platform/console++.js:263 in error
[ERROR - 2016-09-05T00:39:16.592Z] Session [cb2f7ca0-7300-11e6-8bc4-cbe4b206fc3c] - page.onError - msg: TypeError: null is not an object (evaluating '$(".clsImg").length')

  phantomjs://platform/console++.js:263 in error
[ERROR - 2016-09-05T00:39:16.592Z] Session [cb2f7ca0-7300-11e6-8bc4-cbe4b206fc3c] - page.onError - stack:
  (anonymous function) (http://static.cnfeol.com/script/common.js?v=20160713:1)
  j (http://static.cnfeol.com/script/jquery-1.11.3.min.js:2)
  fireWith (http://static.cnfeol.com/script/jquery-1.11.3.min.js:2)
  ready (http://static.cnfeol.com/script/jquery-1.11.3.min.js:2)
  J (http://static.cnfeol.com/script/jquery-1.11.3.min.js:2)

  phantomjs://platform/console++.js:263 in error
[ERROR - 2016-09-05T00:39:20.836Z] Session [cb2f7ca0-7300-11e6-8bc4-cbe4b206fc3c] - page.onError - msg: TypeError: null is not an object (evaluating '$(".clsImg").length')

  phantomjs://platform/console++.js:263 in error
[ERROR - 2016-09-05T00:39:20.837Z] Session [cb2f7ca0-7300-11e6-8bc4-cbe4b206fc3c] - page.onError - stack:
  (anonymous function) (http://static.cnfeol.com/script/common.js?v=20160713:1)
  j (http://static.cnfeol.com/script/jquery-1.11.3.min.js:2)
  fireWith (http://static.cnfeol.com/script/jquery-1.11.3.min.js:2)
  ready (http://static.cnfeol.com/script/jquery-1.11.3.min.js:2)
  J (http://static.cnfeol.com/script/jquery-1.11.3.min.js:2)

  phantomjs://platform/console++.js:263 in error
[ERROR - 2016-09-05T00:39:24.942Z] Session [cb2f7ca0-7300-11e6-8bc4-cbe4b206fc3c] - page.onError - msg: TypeError: null is not an object (evaluating '$(".clsImg").length')

  phantomjs://platform/console++.js:263 in error
[ERROR - 2016-09-05T00:39:24.942Z] Session [cb2f7ca0-7300-11e6-8bc4-cbe4b206fc3c] - page.onError - stack:
  (anonymous function) (http://static.cnfeol.com/script/common.js?v=20160713:1)
  j (http://static.cnfeol.com/script/jquery-1.11.3.min.js:2)
  fireWith (http://static.cnfeol.com/script/jquery-1.11.3.min.js:2)
  ready (http://static.cnfeol.com/script/jquery-1.11.3.min.js:2)
  J (http://static.cnfeol.com/script/jquery-1.11.3.min.js:2)

  phantomjs://platform/console++.js:263 in error
[ERROR - 2016-09-05T00:39:28.871Z] Session [cb2f7ca0-7300-11e6-8bc4-cbe4b206fc3c] - page.onError - msg: TypeError: null is not an object (evaluating '$(".clsImg").length')

  phantomjs://platform/console++.js:263 in error
[ERROR - 2016-09-05T00:39:28.871Z] Session [cb2f7ca0-7300-11e6-8bc4-cbe4b206fc3c] - page.onError - stack:
  (anonymous function) (http://static.cnfeol.com/script/common.js?v=20160713:1)
  j (http://static.cnfeol.com/script/jquery-1.11.3.min.js:2)
  fireWith (http://static.cnfeol.com/script/jquery-1.11.3.min.js:2)
  ready (http://static.cnfeol.com/script/jquery-1.11.3.min.js:2)
  J (http://static.cnfeol.com/script/jquery-1.11.3.min.js:2)

  phantomjs://platform/console++.js:263 in error
[ERROR - 2016-09-05T00:39:32.794Z] Session [cb2f7ca0-7300-11e6-8bc4-cbe4b206fc3c] - page.onError - msg: TypeError: null is not an object (evaluating '$(".clsImg").length')

  phantomjs://platform/console++.js:263 in error
[ERROR - 2016-09-05T00:39:32.794Z] Session [cb2f7ca0-7300-11e6-8bc4-cbe4b206fc3c] - page.onError - stack:
  (anonymous function) (http://static.cnfeol.com/script/common.js?v=20160713:1)
  j (http://static.cnfeol.com/script/jquery-1.11.3.min.js:2)
  fireWith (http://static.cnfeol.com/script/jquery-1.11.3.min.js:2)
  ready (http://static.cnfeol.com/script/jquery-1.11.3.min.js:2)
  J (http://static.cnfeol.com/script/jquery-1.11.3.min.js:2)

  phantomjs://platform/console++.js:263 in error
[ERROR - 2016-09-05T00:39:36.818Z] Session [cb2f7ca0-7300-11e6-8bc4-cbe4b206fc3c] - page.onError - msg: TypeError: null is not an object (evaluating '$(".clsImg").length')

  phantomjs://platform/console++.js:263 in error
[ERROR - 2016-09-05T00:39:36.818Z] Session [cb2f7ca0-7300-11e6-8bc4-cbe4b206fc3c] - page.onError - stack:
  (anonymous function) (http://static.cnfeol.com/script/common.js?v=20160713:1)
  j (http://static.cnfeol.com/script/jquery-1.11.3.min.js:2)
  fireWith (http://static.cnfeol.com/script/jquery-1.11.3.min.js:2)
  ready (http://static.cnfeol.com/script/jquery-1.11.3.min.js:2)
  J (http://static.cnfeol.com/script/jquery-1.11.3.min.js:2)

  phantomjs://platform/console++.js:263 in error
[ERROR - 2016-09-05T00:39:40.979Z] Session [cb2f7ca0-7300-11e6-8bc4-cbe4b206fc3c] - page.onError - msg: TypeError: null is not an object (evaluating '$(".clsImg").length')

  phantomjs://platform/console++.js:263 in error
[ERROR - 2016-09-05T00:39:40.980Z] Session [cb2f7ca0-7300-11e6-8bc4-cbe4b206fc3c] - page.onError - stack:
  (anonymous function) (http://static.cnfeol.com/script/common.js?v=20160713:1)
  j (http://static.cnfeol.com/script/jquery-1.11.3.min.js:2)
  fireWith (http://static.cnfeol.com/script/jquery-1.11.3.min.js:2)
  ready (http://static.cnfeol.com/script/jquery-1.11.3.min.js:2)
  J (http://static.cnfeol.com/script/jquery-1.11.3.min.js:2)

  phantomjs://platform/console++.js:263 in error
[ERROR - 2016-09-05T00:39:44.961Z] Session [cb2f7ca0-7300-11e6-8bc4-cbe4b206fc3c] - page.onError - msg: TypeError: null is not an object (evaluating '$(".clsImg").length')

  phantomjs://platform/console++.js:263 in error
[ERROR - 2016-09-05T00:39:44.961Z] Session [cb2f7ca0-7300-11e6-8bc4-cbe4b206fc3c] - page.onError - stack:
  (anonymous function) (http://static.cnfeol.com/script/common.js?v=20160713:1)
  j (http://static.cnfeol.com/script/jquery-1.11.3.min.js:2)
  fireWith (http://static.cnfeol.com/script/jquery-1.11.3.min.js:2)
  ready (http://static.cnfeol.com/script/jquery-1.11.3.min.js:2)
  J (http://static.cnfeol.com/script/jquery-1.11.3.min.js:2)

  phantomjs://platform/console++.js:263 in error
[ERROR - 2016-09-05T00:39:49.051Z] Session [cb2f7ca0-7300-11e6-8bc4-cbe4b206fc3c] - page.onError - msg: TypeError: null is not an object (evaluating '$(".clsImg").length')

  phantomjs://platform/console++.js:263 in error
[ERROR - 2016-09-05T00:39:49.051Z] Session [cb2f7ca0-7300-11e6-8bc4-cbe4b206fc3c] - page.onError - stack:
  (anonymous function) (http://static.cnfeol.com/script/common.js?v=20160713:1)
  j (http://static.cnfeol.com/script/jquery-1.11.3.min.js:2)
  fireWith (http://static.cnfeol.com/script/jquery-1.11.3.min.js:2)
  ready (http://static.cnfeol.com/script/jquery-1.11.3.min.js:2)
  J (http://static.cnfeol.com/script/jquery-1.11.3.min.js:2)

  phantomjs://platform/console++.js:263 in error
[ERROR - 2016-09-05T00:39:52.958Z] Session [cb2f7ca0-7300-11e6-8bc4-cbe4b206fc3c] - page.onError - msg: TypeError: null is not an object (evaluating '$(".clsImg").length')

  phantomjs://platform/console++.js:263 in error
[ERROR - 2016-09-05T00:39:52.958Z] Session [cb2f7ca0-7300-11e6-8bc4-cbe4b206fc3c] - page.onError - stack:
  (anonymous function) (http://static.cnfeol.com/script/common.js?v=20160713:1)
  j (http://static.cnfeol.com/script/jquery-1.11.3.min.js:2)
  fireWith (http://static.cnfeol.com/script/jquery-1.11.3.min.js:2)
  ready (http://static.cnfeol.com/script/jquery-1.11.3.min.js:2)
  J (http://static.cnfeol.com/script/jquery-1.11.3.min.js:2)

  phantomjs://platform/console++.js:263 in error
[ERROR - 2016-09-05T00:39:57.117Z] Session [cb2f7ca0-7300-11e6-8bc4-cbe4b206fc3c] - page.onError - msg: TypeError: null is not an object (evaluating '$(".clsImg").length')

  phantomjs://platform/console++.js:263 in error
[ERROR - 2016-09-05T00:39:57.118Z] Session [cb2f7ca0-7300-11e6-8bc4-cbe4b206fc3c] - page.onError - stack:
  (anonymous function) (http://static.cnfeol.com/script/common.js?v=20160713:1)
  j (http://static.cnfeol.com/script/jquery-1.11.3.min.js:2)
  fireWith (http://static.cnfeol.com/script/jquery-1.11.3.min.js:2)
  ready (http://static.cnfeol.com/script/jquery-1.11.3.min.js:2)
  J (http://static.cnfeol.com/script/jquery-1.11.3.min.js:2)

  phantomjs://platform/console++.js:263 in error
[ERROR - 2016-09-05T00:40:01.243Z] Session [cb2f7ca0-7300-11e6-8bc4-cbe4b206fc3c] - page.onError - msg: TypeError: null is not an object (evaluating '$(".clsImg").length')

  phantomjs://platform/console++.js:263 in error
[ERROR - 2016-09-05T00:40:01.243Z] Session [cb2f7ca0-7300-11e6-8bc4-cbe4b206fc3c] - page.onError - stack:
  (anonymous function) (http://static.cnfeol.com/script/common.js?v=20160713:1)
  j (http://static.cnfeol.com/script/jquery-1.11.3.min.js:2)
  fireWith (http://static.cnfeol.com/script/jquery-1.11.3.min.js:2)
  ready (http://static.cnfeol.com/script/jquery-1.11.3.min.js:2)
  J (http://static.cnfeol.com/script/jquery-1.11.3.min.js:2)

  phantomjs://platform/console++.js:263 in error
[ERROR - 2016-09-05T00:40:05.289Z] Session [cb2f7ca0-7300-11e6-8bc4-cbe4b206fc3c] - page.onError - msg: TypeError: null is not an object (evaluating '$(".clsImg").length')

  phantomjs://platform/console++.js:263 in error
[ERROR - 2016-09-05T00:40:05.290Z] Session [cb2f7ca0-7300-11e6-8bc4-cbe4b206fc3c] - page.onError - stack:
  (anonymous function) (http://static.cnfeol.com/script/common.js?v=20160713:1)
  j (http://static.cnfeol.com/script/jquery-1.11.3.min.js:2)
  fireWith (http://static.cnfeol.com/script/jquery-1.11.3.min.js:2)
  ready (http://static.cnfeol.com/script/jquery-1.11.3.min.js:2)
  J (http://static.cnfeol.com/script/jquery-1.11.3.min.js:2)

  phantomjs://platform/console++.js:263 in error
[ERROR - 2016-09-05T00:40:09.368Z] Session [cb2f7ca0-7300-11e6-8bc4-cbe4b206fc3c] - page.onError - msg: TypeError: null is not an object (evaluating '$(".clsImg").length')

  phantomjs://platform/console++.js:263 in error
[ERROR - 2016-09-05T00:40:09.368Z] Session [cb2f7ca0-7300-11e6-8bc4-cbe4b206fc3c] - page.onError - stack:
  (anonymous function) (http://static.cnfeol.com/script/common.js?v=20160713:1)
  j (http://static.cnfeol.com/script/jquery-1.11.3.min.js:2)
  fireWith (http://static.cnfeol.com/script/jquery-1.11.3.min.js:2)
  ready (http://static.cnfeol.com/script/jquery-1.11.3.min.js:2)
  J (http://static.cnfeol.com/script/jquery-1.11.3.min.js:2)

  phantomjs://platform/console++.js:263 in error
[ERROR - 2016-09-05T00:40:13.512Z] Session [cb2f7ca0-7300-11e6-8bc4-cbe4b206fc3c] - page.onError - msg: TypeError: null is not an object (evaluating '$(".clsImg").length')

  phantomjs://platform/console++.js:263 in error
[ERROR - 2016-09-05T00:40:13.512Z] Session [cb2f7ca0-7300-11e6-8bc4-cbe4b206fc3c] - page.onError - stack:
  (anonymous function) (http://static.cnfeol.com/script/common.js?v=20160713:1)
  j (http://static.cnfeol.com/script/jquery-1.11.3.min.js:2)
  fireWith (http://static.cnfeol.com/script/jquery-1.11.3.min.js:2)
  ready (http://static.cnfeol.com/script/jquery-1.11.3.min.js:2)
  J (http://static.cnfeol.com/script/jquery-1.11.3.min.js:2)

  phantomjs://platform/console++.js:263 in error
[ERROR - 2016-09-05T00:40:17.590Z] Session [cb2f7ca0-7300-11e6-8bc4-cbe4b206fc3c] - page.onError - msg: TypeError: null is not an object (evaluating '$(".clsImg").length')

  phantomjs://platform/console++.js:263 in error
[ERROR - 2016-09-05T00:40:17.590Z] Session [cb2f7ca0-7300-11e6-8bc4-cbe4b206fc3c] - page.onError - stack:
  (anonymous function) (http://static.cnfeol.com/script/common.js?v=20160713:1)
  j (http://static.cnfeol.com/script/jquery-1.11.3.min.js:2)
  fireWith (http://static.cnfeol.com/script/jquery-1.11.3.min.js:2)
  ready (http://static.cnfeol.com/script/jquery-1.11.3.min.js:2)
  J (http://static.cnfeol.com/script/jquery-1.11.3.min.js:2)

  phantomjs://platform/console++.js:263 in error
[ERROR - 2016-09-05T00:40:21.644Z] Session [cb2f7ca0-7300-11e6-8bc4-cbe4b206fc3c] - page.onError - msg: TypeError: null is not an object (evaluating '$(".clsImg").length')

  phantomjs://platform/console++.js:263 in error
[ERROR - 2016-09-05T00:40:21.644Z] Session [cb2f7ca0-7300-11e6-8bc4-cbe4b206fc3c] - page.onError - stack:
  (anonymous function) (http://static.cnfeol.com/script/common.js?v=20160713:1)
  j (http://static.cnfeol.com/script/jquery-1.11.3.min.js:2)
  fireWith (http://static.cnfeol.com/script/jquery-1.11.3.min.js:2)
  ready (http://static.cnfeol.com/script/jquery-1.11.3.min.js:2)
  J (http://static.cnfeol.com/script/jquery-1.11.3.min.js:2)

  phantomjs://platform/console++.js:263 in error
[ERROR - 2016-09-05T00:40:25.625Z] Session [cb2f7ca0-7300-11e6-8bc4-cbe4b206fc3c] - page.onError - msg: TypeError: null is not an object (evaluating '$(".clsImg").length')

  phantomjs://platform/console++.js:263 in error
[ERROR - 2016-09-05T00:40:25.625Z] Session [cb2f7ca0-7300-11e6-8bc4-cbe4b206fc3c] - page.onError - stack:
  (anonymous function) (http://static.cnfeol.com/script/common.js?v=20160713:1)
  j (http://static.cnfeol.com/script/jquery-1.11.3.min.js:2)
  fireWith (http://static.cnfeol.com/script/jquery-1.11.3.min.js:2)
  ready (http://static.cnfeol.com/script/jquery-1.11.3.min.js:2)
  J (http://static.cnfeol.com/script/jquery-1.11.3.min.js:2)

  phantomjs://platform/console++.js:263 in error
[ERROR - 2016-09-05T00:40:29.936Z] Session [cb2f7ca0-7300-11e6-8bc4-cbe4b206fc3c] - page.onError - msg: TypeError: null is not an object (evaluating '$(".clsImg").length')

  phantomjs://platform/console++.js:263 in error
[ERROR - 2016-09-05T00:40:29.936Z] Session [cb2f7ca0-7300-11e6-8bc4-cbe4b206fc3c] - page.onError - stack:
  (anonymous function) (http://static.cnfeol.com/script/common.js?v=20160713:1)
  j (http://static.cnfeol.com/script/jquery-1.11.3.min.js:2)
  fireWith (http://static.cnfeol.com/script/jquery-1.11.3.min.js:2)
  ready (http://static.cnfeol.com/script/jquery-1.11.3.min.js:2)
  J (http://static.cnfeol.com/script/jquery-1.11.3.min.js:2)

  phantomjs://platform/console++.js:263 in error
[ERROR - 2016-09-05T00:40:33.930Z] Session [cb2f7ca0-7300-11e6-8bc4-cbe4b206fc3c] - page.onError - msg: TypeError: null is not an object (evaluating '$(".clsImg").length')

  phantomjs://platform/console++.js:263 in error
[ERROR - 2016-09-05T00:40:33.930Z] Session [cb2f7ca0-7300-11e6-8bc4-cbe4b206fc3c] - page.onError - stack:
  (anonymous function) (http://static.cnfeol.com/script/common.js?v=20160713:1)
  j (http://static.cnfeol.com/script/jquery-1.11.3.min.js:2)
  fireWith (http://static.cnfeol.com/script/jquery-1.11.3.min.js:2)
  ready (http://static.cnfeol.com/script/jquery-1.11.3.min.js:2)
  J (http://static.cnfeol.com/script/jquery-1.11.3.min.js:2)

  phantomjs://platform/console++.js:263 in error
[ERROR - 2016-09-05T00:40:38.139Z] Session [cb2f7ca0-7300-11e6-8bc4-cbe4b206fc3c] - page.onError - msg: TypeError: null is not an object (evaluating '$(".clsImg").length')

  phantomjs://platform/console++.js:263 in error
[ERROR - 2016-09-05T00:40:38.139Z] Session [cb2f7ca0-7300-11e6-8bc4-cbe4b206fc3c] - page.onError - stack:
  (anonymous function) (http://static.cnfeol.com/script/common.js?v=20160713:1)
  j (http://static.cnfeol.com/script/jquery-1.11.3.min.js:2)
  fireWith (http://static.cnfeol.com/script/jquery-1.11.3.min.js:2)
  ready (http://static.cnfeol.com/script/jquery-1.11.3.min.js:2)
  J (http://static.cnfeol.com/script/jquery-1.11.3.min.js:2)

  phantomjs://platform/console++.js:263 in error
[ERROR - 2016-09-05T00:40:42.208Z] Session [cb2f7ca0-7300-11e6-8bc4-cbe4b206fc3c] - page.onError - msg: TypeError: null is not an object (evaluating '$(".clsImg").length')

  phantomjs://platform/console++.js:263 in error
[ERROR - 2016-09-05T00:40:42.208Z] Session [cb2f7ca0-7300-11e6-8bc4-cbe4b206fc3c] - page.onError - stack:
  (anonymous function) (http://static.cnfeol.com/script/common.js?v=20160713:1)
  j (http://static.cnfeol.com/script/jquery-1.11.3.min.js:2)
  fireWith (http://static.cnfeol.com/script/jquery-1.11.3.min.js:2)
  ready (http://static.cnfeol.com/script/jquery-1.11.3.min.js:2)
  J (http://static.cnfeol.com/script/jquery-1.11.3.min.js:2)

  phantomjs://platform/console++.js:263 in error
[ERROR - 2016-09-05T00:40:46.285Z] Session [cb2f7ca0-7300-11e6-8bc4-cbe4b206fc3c] - page.onError - msg: TypeError: null is not an object (evaluating '$(".clsImg").length')

  phantomjs://platform/console++.js:263 in error
[ERROR - 2016-09-05T00:40:46.285Z] Session [cb2f7ca0-7300-11e6-8bc4-cbe4b206fc3c] - page.onError - stack:
  (anonymous function) (http://static.cnfeol.com/script/common.js?v=20160713:1)
  j (http://static.cnfeol.com/script/jquery-1.11.3.min.js:2)
  fireWith (http://static.cnfeol.com/script/jquery-1.11.3.min.js:2)
  ready (http://static.cnfeol.com/script/jquery-1.11.3.min.js:2)
  J (http://static.cnfeol.com/script/jquery-1.11.3.min.js:2)

  phantomjs://platform/console++.js:263 in error
[ERROR - 2016-09-05T00:40:50.519Z] Session [cb2f7ca0-7300-11e6-8bc4-cbe4b206fc3c] - page.onError - msg: TypeError: null is not an object (evaluating '$(".clsImg").length')

  phantomjs://platform/console++.js:263 in error
[ERROR - 2016-09-05T00:40:50.519Z] Session [cb2f7ca0-7300-11e6-8bc4-cbe4b206fc3c] - page.onError - stack:
  (anonymous function) (http://static.cnfeol.com/script/common.js?v=20160713:1)
  j (http://static.cnfeol.com/script/jquery-1.11.3.min.js:2)
  fireWith (http://static.cnfeol.com/script/jquery-1.11.3.min.js:2)
  ready (http://static.cnfeol.com/script/jquery-1.11.3.min.js:2)
  J (http://static.cnfeol.com/script/jquery-1.11.3.min.js:2)

  phantomjs://platform/console++.js:263 in error
[ERROR - 2016-09-05T00:40:54.360Z] Session [cb2f7ca0-7300-11e6-8bc4-cbe4b206fc3c] - page.onError - msg: TypeError: null is not an object (evaluating '$(".clsImg").length')

  phantomjs://platform/console++.js:263 in error
[ERROR - 2016-09-05T00:40:54.360Z] Session [cb2f7ca0-7300-11e6-8bc4-cbe4b206fc3c] - page.onError - stack:
  (anonymous function) (http://static.cnfeol.com/script/common.js?v=20160713:1)
  j (http://static.cnfeol.com/script/jquery-1.11.3.min.js:2)
  fireWith (http://static.cnfeol.com/script/jquery-1.11.3.min.js:2)
  ready (http://static.cnfeol.com/script/jquery-1.11.3.min.js:2)
  J (http://static.cnfeol.com/script/jquery-1.11.3.min.js:2)

  phantomjs://platform/console++.js:263 in error
[ERROR - 2016-09-05T00:40:58.555Z] Session [cb2f7ca0-7300-11e6-8bc4-cbe4b206fc3c] - page.onError - msg: TypeError: null is not an object (evaluating '$(".clsImg").length')

  phantomjs://platform/console++.js:263 in error
[ERROR - 2016-09-05T00:40:58.555Z] Session [cb2f7ca0-7300-11e6-8bc4-cbe4b206fc3c] - page.onError - stack:
  (anonymous function) (http://static.cnfeol.com/script/common.js?v=20160713:1)
  j (http://static.cnfeol.com/script/jquery-1.11.3.min.js:2)
  fireWith (http://static.cnfeol.com/script/jquery-1.11.3.min.js:2)
  ready (http://static.cnfeol.com/script/jquery-1.11.3.min.js:2)
  J (http://static.cnfeol.com/script/jquery-1.11.3.min.js:2)

  phantomjs://platform/console++.js:263 in error
[ERROR - 2016-09-05T00:41:02.619Z] Session [cb2f7ca0-7300-11e6-8bc4-cbe4b206fc3c] - page.onError - msg: TypeError: null is not an object (evaluating '$(".clsImg").length')

  phantomjs://platform/console++.js:263 in error
[ERROR - 2016-09-05T00:41:02.619Z] Session [cb2f7ca0-7300-11e6-8bc4-cbe4b206fc3c] - page.onError - stack:
  (anonymous function) (http://static.cnfeol.com/script/common.js?v=20160713:1)
  j (http://static.cnfeol.com/script/jquery-1.11.3.min.js:2)
  fireWith (http://static.cnfeol.com/script/jquery-1.11.3.min.js:2)
  ready (http://static.cnfeol.com/script/jquery-1.11.3.min.js:2)
  J (http://static.cnfeol.com/script/jquery-1.11.3.min.js:2)

  phantomjs://platform/console++.js:263 in error
[ERROR - 2016-09-05T00:41:06.723Z] Session [cb2f7ca0-7300-11e6-8bc4-cbe4b206fc3c] - page.onError - msg: TypeError: null is not an object (evaluating '$(".clsImg").length')

  phantomjs://platform/console++.js:263 in error
[ERROR - 2016-09-05T00:41:06.723Z] Session [cb2f7ca0-7300-11e6-8bc4-cbe4b206fc3c] - page.onError - stack:
  (anonymous function) (http://static.cnfeol.com/script/common.js?v=20160713:1)
  j (http://static.cnfeol.com/script/jquery-1.11.3.min.js:2)
  fireWith (http://static.cnfeol.com/script/jquery-1.11.3.min.js:2)
  ready (http://static.cnfeol.com/script/jquery-1.11.3.min.js:2)
  J (http://static.cnfeol.com/script/jquery-1.11.3.min.js:2)

  phantomjs://platform/console++.js:263 in error
[ERROR - 2016-09-05T00:41:10.951Z] Session [cb2f7ca0-7300-11e6-8bc4-cbe4b206fc3c] - page.onError - msg: TypeError: null is not an object (evaluating '$(".clsImg").length')

  phantomjs://platform/console++.js:263 in error
[ERROR - 2016-09-05T00:41:10.951Z] Session [cb2f7ca0-7300-11e6-8bc4-cbe4b206fc3c] - page.onError - stack:
  (anonymous function) (http://static.cnfeol.com/script/common.js?v=20160713:1)
  j (http://static.cnfeol.com/script/jquery-1.11.3.min.js:2)
  fireWith (http://static.cnfeol.com/script/jquery-1.11.3.min.js:2)
  ready (http://static.cnfeol.com/script/jquery-1.11.3.min.js:2)
  J (http://static.cnfeol.com/script/jquery-1.11.3.min.js:2)

  phantomjs://platform/console++.js:263 in error
[ERROR - 2016-09-05T00:41:14.893Z] Session [cb2f7ca0-7300-11e6-8bc4-cbe4b206fc3c] - page.onError - msg: TypeError: null is not an object (evaluating '$(".clsImg").length')

  phantomjs://platform/console++.js:263 in error
[ERROR - 2016-09-05T00:41:14.894Z] Session [cb2f7ca0-7300-11e6-8bc4-cbe4b206fc3c] - page.onError - stack:
  (anonymous function) (http://static.cnfeol.com/script/common.js?v=20160713:1)
  j (http://static.cnfeol.com/script/jquery-1.11.3.min.js:2)
  fireWith (http://static.cnfeol.com/script/jquery-1.11.3.min.js:2)
  ready (http://static.cnfeol.com/script/jquery-1.11.3.min.js:2)
  J (http://static.cnfeol.com/script/jquery-1.11.3.min.js:2)

  phantomjs://platform/console++.js:263 in error
[ERROR - 2016-09-05T00:41:19.128Z] Session [cb2f7ca0-7300-11e6-8bc4-cbe4b206fc3c] - page.onError - msg: TypeError: null is not an object (evaluating '$(".clsImg").length')

  phantomjs://platform/console++.js:263 in error
[ERROR - 2016-09-05T00:41:19.129Z] Session [cb2f7ca0-7300-11e6-8bc4-cbe4b206fc3c] - page.onError - stack:
  (anonymous function) (http://static.cnfeol.com/script/common.js?v=20160713:1)
  j (http://static.cnfeol.com/script/jquery-1.11.3.min.js:2)
  fireWith (http://static.cnfeol.com/script/jquery-1.11.3.min.js:2)
  ready (http://static.cnfeol.com/script/jquery-1.11.3.min.js:2)
  J (http://static.cnfeol.com/script/jquery-1.11.3.min.js:2)

  phantomjs://platform/console++.js:263 in error
[ERROR - 2016-09-05T00:41:23.191Z] Session [cb2f7ca0-7300-11e6-8bc4-cbe4b206fc3c] - page.onError - msg: TypeError: null is not an object (evaluating '$(".clsImg").length')

  phantomjs://platform/console++.js:263 in error
[ERROR - 2016-09-05T00:41:23.191Z] Session [cb2f7ca0-7300-11e6-8bc4-cbe4b206fc3c] - page.onError - stack:
  (anonymous function) (http://static.cnfeol.com/script/common.js?v=20160713:1)
  j (http://static.cnfeol.com/script/jquery-1.11.3.min.js:2)
  fireWith (http://static.cnfeol.com/script/jquery-1.11.3.min.js:2)
  ready (http://static.cnfeol.com/script/jquery-1.11.3.min.js:2)
  J (http://static.cnfeol.com/script/jquery-1.11.3.min.js:2)

  phantomjs://platform/console++.js:263 in error
[ERROR - 2016-09-05T00:41:27.193Z] Session [cb2f7ca0-7300-11e6-8bc4-cbe4b206fc3c] - page.onError - msg: TypeError: null is not an object (evaluating '$(".clsImg").length')

  phantomjs://platform/console++.js:263 in error
[ERROR - 2016-09-05T00:41:27.194Z] Session [cb2f7ca0-7300-11e6-8bc4-cbe4b206fc3c] - page.onError - stack:
  (anonymous function) (http://static.cnfeol.com/script/common.js?v=20160713:1)
  j (http://static.cnfeol.com/script/jquery-1.11.3.min.js:2)
  fireWith (http://static.cnfeol.com/script/jquery-1.11.3.min.js:2)
  ready (http://static.cnfeol.com/script/jquery-1.11.3.min.js:2)
  J (http://static.cnfeol.com/script/jquery-1.11.3.min.js:2)

  phantomjs://platform/console++.js:263 in error
[INFO  - 2016-09-05T00:41:29.308Z] SessionManagerReqHand - _cleanupWindowlessSessions - Asynchronous Sessions clean-up phase starting NOW
[ERROR - 2016-09-05T00:41:33.460Z] Session [cb2f7ca0-7300-11e6-8bc4-cbe4b206fc3c] - page.onError - msg: TypeError: null is not an object (evaluating '$(".clsImg").length')

  phantomjs://platform/console++.js:263 in error
[ERROR - 2016-09-05T00:41:33.460Z] Session [cb2f7ca0-7300-11e6-8bc4-cbe4b206fc3c] - page.onError - stack:
  (anonymous function) (http://static.cnfeol.com/script/common.js?v=20160713:1)
  j (http://static.cnfeol.com/script/jquery-1.11.3.min.js:2)
  fireWith (http://static.cnfeol.com/script/jquery-1.11.3.min.js:2)
  ready (http://static.cnfeol.com/script/jquery-1.11.3.min.js:2)
  J (http://static.cnfeol.com/script/jquery-1.11.3.min.js:2)

  phantomjs://platform/console++.js:263 in error
[ERROR - 2016-09-05T00:41:40.192Z] Session [cb2f7ca0-7300-11e6-8bc4-cbe4b206fc3c] - page.onError - msg: TypeError: null is not an object (evaluating '$(".clsImg").length')

  phantomjs://platform/console++.js:263 in error
[ERROR - 2016-09-05T00:41:40.192Z] Session [cb2f7ca0-7300-11e6-8bc4-cbe4b206fc3c] - page.onError - stack:
  (anonymous function) (http://static.cnfeol.com/script/common.js?v=20160713:1)
  j (http://static.cnfeol.com/script/jquery-1.11.3.min.js:2)
  fireWith (http://static.cnfeol.com/script/jquery-1.11.3.min.js:2)
  ready (http://static.cnfeol.com/script/jquery-1.11.3.min.js:2)
  J (http://static.cnfeol.com/script/jquery-1.11.3.min.js:2)

  phantomjs://platform/console++.js:263 in error
[ERROR - 2016-09-05T00:41:45.959Z] Session [cb2f7ca0-7300-11e6-8bc4-cbe4b206fc3c] - page.onError - msg: TypeError: null is not an object (evaluating '$(".clsImg").length')

  phantomjs://platform/console++.js:263 in error
[ERROR - 2016-09-05T00:41:45.959Z] Session [cb2f7ca0-7300-11e6-8bc4-cbe4b206fc3c] - page.onError - stack:
  (anonymous function) (http://static.cnfeol.com/script/common.js?v=20160713:1)
  j (http://static.cnfeol.com/script/jquery-1.11.3.min.js:2)
  fireWith (http://static.cnfeol.com/script/jquery-1.11.3.min.js:2)
  ready (http://static.cnfeol.com/script/jquery-1.11.3.min.js:2)
  J (http://static.cnfeol.com/script/jquery-1.11.3.min.js:2)

  phantomjs://platform/console++.js:263 in error
[ERROR - 2016-09-05T00:41:52.208Z] Session [cb2f7ca0-7300-11e6-8bc4-cbe4b206fc3c] - page.onError - msg: TypeError: null is not an object (evaluating '$(".clsImg").length')

  phantomjs://platform/console++.js:263 in error
[ERROR - 2016-09-05T00:41:52.209Z] Session [cb2f7ca0-7300-11e6-8bc4-cbe4b206fc3c] - page.onError - stack:
  (anonymous function) (http://static.cnfeol.com/script/common.js?v=20160713:1)
  j (http://static.cnfeol.com/script/jquery-1.11.3.min.js:2)
  fireWith (http://static.cnfeol.com/script/jquery-1.11.3.min.js:2)
  ready (http://static.cnfeol.com/script/jquery-1.11.3.min.js:2)
  J (http://static.cnfeol.com/script/jquery-1.11.3.min.js:2)

  phantomjs://platform/console++.js:263 in error
[ERROR - 2016-09-05T00:41:58.488Z] Session [cb2f7ca0-7300-11e6-8bc4-cbe4b206fc3c] - page.onError - msg: TypeError: null is not an object (evaluating '$(".clsImg").length')

  phantomjs://platform/console++.js:263 in error
[ERROR - 2016-09-05T00:41:58.488Z] Session [cb2f7ca0-7300-11e6-8bc4-cbe4b206fc3c] - page.onError - stack:
  (anonymous function) (http://static.cnfeol.com/script/common.js?v=20160713:1)
  j (http://static.cnfeol.com/script/jquery-1.11.3.min.js:2)
  fireWith (http://static.cnfeol.com/script/jquery-1.11.3.min.js:2)
  ready (http://static.cnfeol.com/script/jquery-1.11.3.min.js:2)
  J (http://static.cnfeol.com/script/jquery-1.11.3.min.js:2)

  phantomjs://platform/console++.js:263 in error
[ERROR - 2016-09-05T00:42:04.335Z] Session [cb2f7ca0-7300-11e6-8bc4-cbe4b206fc3c] - page.onError - msg: TypeError: null is not an object (evaluating '$(".clsImg").length')

  phantomjs://platform/console++.js:263 in error
[ERROR - 2016-09-05T00:42:04.335Z] Session [cb2f7ca0-7300-11e6-8bc4-cbe4b206fc3c] - page.onError - stack:
  (anonymous function) (http://static.cnfeol.com/script/common.js?v=20160713:1)
  j (http://static.cnfeol.com/script/jquery-1.11.3.min.js:2)
  fireWith (http://static.cnfeol.com/script/jquery-1.11.3.min.js:2)
  ready (http://static.cnfeol.com/script/jquery-1.11.3.min.js:2)
  J (http://static.cnfeol.com/script/jquery-1.11.3.min.js:2)

  phantomjs://platform/console++.js:263 in error
[ERROR - 2016-09-05T00:42:10.623Z] Session [cb2f7ca0-7300-11e6-8bc4-cbe4b206fc3c] - page.onError - msg: TypeError: null is not an object (evaluating '$(".clsImg").length')

  phantomjs://platform/console++.js:263 in error
[ERROR - 2016-09-05T00:42:10.623Z] Session [cb2f7ca0-7300-11e6-8bc4-cbe4b206fc3c] - page.onError - stack:
  (anonymous function) (http://static.cnfeol.com/script/common.js?v=20160713:1)
  j (http://static.cnfeol.com/script/jquery-1.11.3.min.js:2)
  fireWith (http://static.cnfeol.com/script/jquery-1.11.3.min.js:2)
  ready (http://static.cnfeol.com/script/jquery-1.11.3.min.js:2)
  J (http://static.cnfeol.com/script/jquery-1.11.3.min.js:2)

  phantomjs://platform/console++.js:263 in error
[ERROR - 2016-09-05T00:42:16.465Z] Session [cb2f7ca0-7300-11e6-8bc4-cbe4b206fc3c] - page.onError - msg: TypeError: null is not an object (evaluating '$(".clsImg").length')

  phantomjs://platform/console++.js:263 in error
[ERROR - 2016-09-05T00:42:16.465Z] Session [cb2f7ca0-7300-11e6-8bc4-cbe4b206fc3c] - page.onError - stack:
  (anonymous function) (http://static.cnfeol.com/script/common.js?v=20160713:1)
  j (http://static.cnfeol.com/script/jquery-1.11.3.min.js:2)
  fireWith (http://static.cnfeol.com/script/jquery-1.11.3.min.js:2)
  ready (http://static.cnfeol.com/script/jquery-1.11.3.min.js:2)
  J (http://static.cnfeol.com/script/jquery-1.11.3.min.js:2)

  phantomjs://platform/console++.js:263 in error
[ERROR - 2016-09-05T00:42:21.963Z] Session [cb2f7ca0-7300-11e6-8bc4-cbe4b206fc3c] - page.onError - msg: TypeError: null is not an object (evaluating '$(".clsImg").length')

  phantomjs://platform/console++.js:263 in error
[ERROR - 2016-09-05T00:42:21.964Z] Session [cb2f7ca0-7300-11e6-8bc4-cbe4b206fc3c] - page.onError - stack:
  (anonymous function) (http://static.cnfeol.com/script/common.js?v=20160713:1)
  j (http://static.cnfeol.com/script/jquery-1.11.3.min.js:2)
  fireWith (http://static.cnfeol.com/script/jquery-1.11.3.min.js:2)
  ready (http://static.cnfeol.com/script/jquery-1.11.3.min.js:2)
  J (http://static.cnfeol.com/script/jquery-1.11.3.min.js:2)

  phantomjs://platform/console++.js:263 in error
[ERROR - 2016-09-05T00:42:27.118Z] Session [cb2f7ca0-7300-11e6-8bc4-cbe4b206fc3c] - page.onError - msg: TypeError: null is not an object (evaluating '$(".clsImg").length')

  phantomjs://platform/console++.js:263 in error
[ERROR - 2016-09-05T00:42:27.118Z] Session [cb2f7ca0-7300-11e6-8bc4-cbe4b206fc3c] - page.onError - stack:
  (anonymous function) (http://static.cnfeol.com/script/common.js?v=20160713:1)
  j (http://static.cnfeol.com/script/jquery-1.11.3.min.js:2)
  fireWith (http://static.cnfeol.com/script/jquery-1.11.3.min.js:2)
  ready (http://static.cnfeol.com/script/jquery-1.11.3.min.js:2)
  J (http://static.cnfeol.com/script/jquery-1.11.3.min.js:2)

  phantomjs://platform/console++.js:263 in error
[ERROR - 2016-09-05T00:42:32.205Z] Session [cb2f7ca0-7300-11e6-8bc4-cbe4b206fc3c] - page.onError - msg: TypeError: null is not an object (evaluating '$(".clsImg").length')

  phantomjs://platform/console++.js:263 in error
[ERROR - 2016-09-05T00:42:32.206Z] Session [cb2f7ca0-7300-11e6-8bc4-cbe4b206fc3c] - page.onError - stack:
  (anonymous function) (http://static.cnfeol.com/script/common.js?v=20160713:1)
  j (http://static.cnfeol.com/script/jquery-1.11.3.min.js:2)
  fireWith (http://static.cnfeol.com/script/jquery-1.11.3.min.js:2)
  ready (http://static.cnfeol.com/script/jquery-1.11.3.min.js:2)
  J (http://static.cnfeol.com/script/jquery-1.11.3.min.js:2)

  phantomjs://platform/console++.js:263 in error
[ERROR - 2016-09-05T00:42:36.618Z] Session [cb2f7ca0-7300-11e6-8bc4-cbe4b206fc3c] - page.onError - msg: TypeError: null is not an object (evaluating '$(".clsImg").length')

  phantomjs://platform/console++.js:263 in error
[ERROR - 2016-09-05T00:42:36.619Z] Session [cb2f7ca0-7300-11e6-8bc4-cbe4b206fc3c] - page.onError - stack:
  (anonymous function) (http://static.cnfeol.com/script/common.js?v=20160713:1)
  j (http://static.cnfeol.com/script/jquery-1.11.3.min.js:2)
  fireWith (http://static.cnfeol.com/script/jquery-1.11.3.min.js:2)
  ready (http://static.cnfeol.com/script/jquery-1.11.3.min.js:2)
  J (http://static.cnfeol.com/script/jquery-1.11.3.min.js:2)

  phantomjs://platform/console++.js:263 in error
[ERROR - 2016-09-05T00:42:41.011Z] Session [cb2f7ca0-7300-11e6-8bc4-cbe4b206fc3c] - page.onError - msg: TypeError: null is not an object (evaluating '$(".clsImg").length')

  phantomjs://platform/console++.js:263 in error
[ERROR - 2016-09-05T00:42:41.011Z] Session [cb2f7ca0-7300-11e6-8bc4-cbe4b206fc3c] - page.onError - stack:
  (anonymous function) (http://static.cnfeol.com/script/common.js?v=20160713:1)
  j (http://static.cnfeol.com/script/jquery-1.11.3.min.js:2)
  fireWith (http://static.cnfeol.com/script/jquery-1.11.3.min.js:2)
  ready (http://static.cnfeol.com/script/jquery-1.11.3.min.js:2)
  J (http://static.cnfeol.com/script/jquery-1.11.3.min.js:2)

  phantomjs://platform/console++.js:263 in error
[ERROR - 2016-09-05T00:42:45.088Z] Session [cb2f7ca0-7300-11e6-8bc4-cbe4b206fc3c] - page.onError - msg: TypeError: null is not an object (evaluating '$(".clsImg").length')

  phantomjs://platform/console++.js:263 in error
[ERROR - 2016-09-05T00:42:45.089Z] Session [cb2f7ca0-7300-11e6-8bc4-cbe4b206fc3c] - page.onError - stack:
  (anonymous function) (http://static.cnfeol.com/script/common.js?v=20160713:1)
  j (http://static.cnfeol.com/script/jquery-1.11.3.min.js:2)
  fireWith (http://static.cnfeol.com/script/jquery-1.11.3.min.js:2)
  ready (http://static.cnfeol.com/script/jquery-1.11.3.min.js:2)
  J (http://static.cnfeol.com/script/jquery-1.11.3.min.js:2)

  phantomjs://platform/console++.js:263 in error
[ERROR - 2016-09-05T00:42:49.297Z] Session [cb2f7ca0-7300-11e6-8bc4-cbe4b206fc3c] - page.onError - msg: TypeError: null is not an object (evaluating '$(".clsImg").length')

  phantomjs://platform/console++.js:263 in error
[ERROR - 2016-09-05T00:42:49.297Z] Session [cb2f7ca0-7300-11e6-8bc4-cbe4b206fc3c] - page.onError - stack:
  (anonymous function) (http://static.cnfeol.com/script/common.js?v=20160713:1)
  j (http://static.cnfeol.com/script/jquery-1.11.3.min.js:2)
  fireWith (http://static.cnfeol.com/script/jquery-1.11.3.min.js:2)
  ready (http://static.cnfeol.com/script/jquery-1.11.3.min.js:2)
  J (http://static.cnfeol.com/script/jquery-1.11.3.min.js:2)

  phantomjs://platform/console++.js:263 in error
[ERROR - 2016-09-05T00:42:53.538Z] Session [cb2f7ca0-7300-11e6-8bc4-cbe4b206fc3c] - page.onError - msg: TypeError: null is not an object (evaluating '$(".clsImg").length')

  phantomjs://platform/console++.js:263 in error
[ERROR - 2016-09-05T00:42:53.538Z] Session [cb2f7ca0-7300-11e6-8bc4-cbe4b206fc3c] - page.onError - stack:
  (anonymous function) (http://static.cnfeol.com/script/common.js?v=20160713:1)
  j (http://static.cnfeol.com/script/jquery-1.11.3.min.js:2)
  fireWith (http://static.cnfeol.com/script/jquery-1.11.3.min.js:2)
  ready (http://static.cnfeol.com/script/jquery-1.11.3.min.js:2)
  J (http://static.cnfeol.com/script/jquery-1.11.3.min.js:2)

  phantomjs://platform/console++.js:263 in error
[ERROR - 2016-09-05T00:42:57.675Z] Session [cb2f7ca0-7300-11e6-8bc4-cbe4b206fc3c] - page.onError - msg: TypeError: null is not an object (evaluating '$(".clsImg").length')

  phantomjs://platform/console++.js:263 in error
[ERROR - 2016-09-05T00:42:57.675Z] Session [cb2f7ca0-7300-11e6-8bc4-cbe4b206fc3c] - page.onError - stack:
  (anonymous function) (http://static.cnfeol.com/script/common.js?v=20160713:1)
  j (http://static.cnfeol.com/script/jquery-1.11.3.min.js:2)
  fireWith (http://static.cnfeol.com/script/jquery-1.11.3.min.js:2)
  ready (http://static.cnfeol.com/script/jquery-1.11.3.min.js:2)
  J (http://static.cnfeol.com/script/jquery-1.11.3.min.js:2)

  phantomjs://platform/console++.js:263 in error
[ERROR - 2016-09-05T00:43:01.802Z] Session [cb2f7ca0-7300-11e6-8bc4-cbe4b206fc3c] - page.onError - msg: TypeError: null is not an object (evaluating '$(".clsImg").length')

  phantomjs://platform/console++.js:263 in error
[ERROR - 2016-09-05T00:43:01.803Z] Session [cb2f7ca0-7300-11e6-8bc4-cbe4b206fc3c] - page.onError - stack:
  (anonymous function) (http://static.cnfeol.com/script/common.js?v=20160713:1)
  j (http://static.cnfeol.com/script/jquery-1.11.3.min.js:2)
  fireWith (http://static.cnfeol.com/script/jquery-1.11.3.min.js:2)
  ready (http://static.cnfeol.com/script/jquery-1.11.3.min.js:2)
  J (http://static.cnfeol.com/script/jquery-1.11.3.min.js:2)

  phantomjs://platform/console++.js:263 in error
[ERROR - 2016-09-05T00:43:05.742Z] Session [cb2f7ca0-7300-11e6-8bc4-cbe4b206fc3c] - page.onError - msg: TypeError: null is not an object (evaluating '$(".clsImg").length')

  phantomjs://platform/console++.js:263 in error
[ERROR - 2016-09-05T00:43:05.742Z] Session [cb2f7ca0-7300-11e6-8bc4-cbe4b206fc3c] - page.onError - stack:
  (anonymous function) (http://static.cnfeol.com/script/common.js?v=20160713:1)
  j (http://static.cnfeol.com/script/jquery-1.11.3.min.js:2)
  fireWith (http://static.cnfeol.com/script/jquery-1.11.3.min.js:2)
  ready (http://static.cnfeol.com/script/jquery-1.11.3.min.js:2)
  J (http://static.cnfeol.com/script/jquery-1.11.3.min.js:2)

  phantomjs://platform/console++.js:263 in error
[ERROR - 2016-09-05T00:43:10.092Z] Session [cb2f7ca0-7300-11e6-8bc4-cbe4b206fc3c] - page.onError - msg: TypeError: null is not an object (evaluating '$(".clsImg").length')

  phantomjs://platform/console++.js:263 in error
[ERROR - 2016-09-05T00:43:10.092Z] Session [cb2f7ca0-7300-11e6-8bc4-cbe4b206fc3c] - page.onError - stack:
  (anonymous function) (http://static.cnfeol.com/script/common.js?v=20160713:1)
  j (http://static.cnfeol.com/script/jquery-1.11.3.min.js:2)
  fireWith (http://static.cnfeol.com/script/jquery-1.11.3.min.js:2)
  ready (http://static.cnfeol.com/script/jquery-1.11.3.min.js:2)
  J (http://static.cnfeol.com/script/jquery-1.11.3.min.js:2)

  phantomjs://platform/console++.js:263 in error
[ERROR - 2016-09-05T00:43:14.079Z] Session [cb2f7ca0-7300-11e6-8bc4-cbe4b206fc3c] - page.onError - msg: TypeError: null is not an object (evaluating '$(".clsImg").length')

  phantomjs://platform/console++.js:263 in error
[ERROR - 2016-09-05T00:43:14.079Z] Session [cb2f7ca0-7300-11e6-8bc4-cbe4b206fc3c] - page.onError - stack:
  (anonymous function) (http://static.cnfeol.com/script/common.js?v=20160713:1)
  j (http://static.cnfeol.com/script/jquery-1.11.3.min.js:2)
  fireWith (http://static.cnfeol.com/script/jquery-1.11.3.min.js:2)
  ready (http://static.cnfeol.com/script/jquery-1.11.3.min.js:2)
  J (http://static.cnfeol.com/script/jquery-1.11.3.min.js:2)

  phantomjs://platform/console++.js:263 in error
[ERROR - 2016-09-05T00:43:17.979Z] Session [cb2f7ca0-7300-11e6-8bc4-cbe4b206fc3c] - page.onError - msg: TypeError: null is not an object (evaluating '$(".clsImg").length')

  phantomjs://platform/console++.js:263 in error
[ERROR - 2016-09-05T00:43:17.979Z] Session [cb2f7ca0-7300-11e6-8bc4-cbe4b206fc3c] - page.onError - stack:
  (anonymous function) (http://static.cnfeol.com/script/common.js?v=20160713:1)
  j (http://static.cnfeol.com/script/jquery-1.11.3.min.js:2)
  fireWith (http://static.cnfeol.com/script/jquery-1.11.3.min.js:2)
  ready (http://static.cnfeol.com/script/jquery-1.11.3.min.js:2)
  J (http://static.cnfeol.com/script/jquery-1.11.3.min.js:2)

  phantomjs://platform/console++.js:263 in error
[ERROR - 2016-09-05T00:43:22.176Z] Session [cb2f7ca0-7300-11e6-8bc4-cbe4b206fc3c] - page.onError - msg: TypeError: null is not an object (evaluating '$(".clsImg").length')

  phantomjs://platform/console++.js:263 in error
[ERROR - 2016-09-05T00:43:22.176Z] Session [cb2f7ca0-7300-11e6-8bc4-cbe4b206fc3c] - page.onError - stack:
  (anonymous function) (http://static.cnfeol.com/script/common.js?v=20160713:1)
  j (http://static.cnfeol.com/script/jquery-1.11.3.min.js:2)
  fireWith (http://static.cnfeol.com/script/jquery-1.11.3.min.js:2)
  ready (http://static.cnfeol.com/script/jquery-1.11.3.min.js:2)
  J (http://static.cnfeol.com/script/jquery-1.11.3.min.js:2)

  phantomjs://platform/console++.js:263 in error
[ERROR - 2016-09-05T00:43:26.135Z] Session [cb2f7ca0-7300-11e6-8bc4-cbe4b206fc3c] - page.onError - msg: TypeError: null is not an object (evaluating '$(".clsImg").length')

  phantomjs://platform/console++.js:263 in error
[ERROR - 2016-09-05T00:43:26.135Z] Session [cb2f7ca0-7300-11e6-8bc4-cbe4b206fc3c] - page.onError - stack:
  (anonymous function) (http://static.cnfeol.com/script/common.js?v=20160713:1)
  j (http://static.cnfeol.com/script/jquery-1.11.3.min.js:2)
  fireWith (http://static.cnfeol.com/script/jquery-1.11.3.min.js:2)
  ready (http://static.cnfeol.com/script/jquery-1.11.3.min.js:2)
  J (http://static.cnfeol.com/script/jquery-1.11.3.min.js:2)

  phantomjs://platform/console++.js:263 in error
[ERROR - 2016-09-05T00:43:30.373Z] Session [cb2f7ca0-7300-11e6-8bc4-cbe4b206fc3c] - page.onError - msg: TypeError: null is not an object (evaluating '$(".clsImg").length')

  phantomjs://platform/console++.js:263 in error
[ERROR - 2016-09-05T00:43:30.373Z] Session [cb2f7ca0-7300-11e6-8bc4-cbe4b206fc3c] - page.onError - stack:
  (anonymous function) (http://static.cnfeol.com/script/common.js?v=20160713:1)
  j (http://static.cnfeol.com/script/jquery-1.11.3.min.js:2)
  fireWith (http://static.cnfeol.com/script/jquery-1.11.3.min.js:2)
  ready (http://static.cnfeol.com/script/jquery-1.11.3.min.js:2)
  J (http://static.cnfeol.com/script/jquery-1.11.3.min.js:2)

  phantomjs://platform/console++.js:263 in error
[ERROR - 2016-09-05T00:43:34.375Z] Session [cb2f7ca0-7300-11e6-8bc4-cbe4b206fc3c] - page.onError - msg: TypeError: null is not an object (evaluating '$(".clsImg").length')

  phantomjs://platform/console++.js:263 in error
[ERROR - 2016-09-05T00:43:34.375Z] Session [cb2f7ca0-7300-11e6-8bc4-cbe4b206fc3c] - page.onError - stack:
  (anonymous function) (http://static.cnfeol.com/script/common.js?v=20160713:1)
  j (http://static.cnfeol.com/script/jquery-1.11.3.min.js:2)
  fireWith (http://static.cnfeol.com/script/jquery-1.11.3.min.js:2)
  ready (http://static.cnfeol.com/script/jquery-1.11.3.min.js:2)
  J (http://static.cnfeol.com/script/jquery-1.11.3.min.js:2)

  phantomjs://platform/console++.js:263 in error
[ERROR - 2016-09-05T00:43:38.381Z] Session [cb2f7ca0-7300-11e6-8bc4-cbe4b206fc3c] - page.onError - msg: TypeError: null is not an object (evaluating '$(".clsImg").length')

  phantomjs://platform/console++.js:263 in error
[ERROR - 2016-09-05T00:43:38.381Z] Session [cb2f7ca0-7300-11e6-8bc4-cbe4b206fc3c] - page.onError - stack:
  (anonymous function) (http://static.cnfeol.com/script/common.js?v=20160713:1)
  j (http://static.cnfeol.com/script/jquery-1.11.3.min.js:2)
  fireWith (http://static.cnfeol.com/script/jquery-1.11.3.min.js:2)
  ready (http://static.cnfeol.com/script/jquery-1.11.3.min.js:2)
  J (http://static.cnfeol.com/script/jquery-1.11.3.min.js:2)

  phantomjs://platform/console++.js:263 in error
[ERROR - 2016-09-05T00:43:42.462Z] Session [cb2f7ca0-7300-11e6-8bc4-cbe4b206fc3c] - page.onError - msg: TypeError: null is not an object (evaluating '$(".clsImg").length')

  phantomjs://platform/console++.js:263 in error
[ERROR - 2016-09-05T00:43:42.462Z] Session [cb2f7ca0-7300-11e6-8bc4-cbe4b206fc3c] - page.onError - stack:
  (anonymous function) (http://static.cnfeol.com/script/common.js?v=20160713:1)
  j (http://static.cnfeol.com/script/jquery-1.11.3.min.js:2)
  fireWith (http://static.cnfeol.com/script/jquery-1.11.3.min.js:2)
  ready (http://static.cnfeol.com/script/jquery-1.11.3.min.js:2)
  J (http://static.cnfeol.com/script/jquery-1.11.3.min.js:2)

  phantomjs://platform/console++.js:263 in error
[ERROR - 2016-09-05T00:43:46.338Z] Session [cb2f7ca0-7300-11e6-8bc4-cbe4b206fc3c] - page.onError - msg: TypeError: null is not an object (evaluating '$(".clsImg").length')

  phantomjs://platform/console++.js:263 in error
[ERROR - 2016-09-05T00:43:46.338Z] Session [cb2f7ca0-7300-11e6-8bc4-cbe4b206fc3c] - page.onError - stack:
  (anonymous function) (http://static.cnfeol.com/script/common.js?v=20160713:1)
  j (http://static.cnfeol.com/script/jquery-1.11.3.min.js:2)
  fireWith (http://static.cnfeol.com/script/jquery-1.11.3.min.js:2)
  ready (http://static.cnfeol.com/script/jquery-1.11.3.min.js:2)
  J (http://static.cnfeol.com/script/jquery-1.11.3.min.js:2)

  phantomjs://platform/console++.js:263 in error
[ERROR - 2016-09-05T00:43:50.407Z] Session [cb2f7ca0-7300-11e6-8bc4-cbe4b206fc3c] - page.onError - msg: TypeError: null is not an object (evaluating '$(".clsImg").length')

  phantomjs://platform/console++.js:263 in error
[ERROR - 2016-09-05T00:43:50.407Z] Session [cb2f7ca0-7300-11e6-8bc4-cbe4b206fc3c] - page.onError - stack:
  (anonymous function) (http://static.cnfeol.com/script/common.js?v=20160713:1)
  j (http://static.cnfeol.com/script/jquery-1.11.3.min.js:2)
  fireWith (http://static.cnfeol.com/script/jquery-1.11.3.min.js:2)
  ready (http://static.cnfeol.com/script/jquery-1.11.3.min.js:2)
  J (http://static.cnfeol.com/script/jquery-1.11.3.min.js:2)

  phantomjs://platform/console++.js:263 in error
